  Compiling CUDA source file CudaStuff.cu...
  
  C:\pyNeuroGPU_win\NeuroGPU6>"C:\Program Files\NVIDIA GPU Computing Toolkit\CUDA\v8.0\bin\nvcc.exe" -gencode=arch=compute_35,code=\"sm_35,compute_35\" --use-local-env --cl-version 2015 -ccbin "C:\Program Files (x86)\Microsoft Visual Studio 14.0\VC\bin\x86_amd64" -rdc=true -I"C:\Program Files\NVIDIA GPU Computing Toolkit\CUDA\v8.0\include" -I"C:\Program Files\NVIDIA GPU Computing Toolkit\CUDA\v8.0\include"  -G -lineinfo --keep --keep-dir x64\Debug -maxrregcount=0  --machine 64 --compile -cudart static  -g  -use_fast_math -DWIN32 -DWIN64 -D_DEBUG -D_CONSOLE -D_MBCS -Xcompiler "/EHsc /W3 /nologo /Od /FS /Zi /RTC1 /MDd /GR" -o x64\Debug\CudaStuff.cu.obj "C:\pyNeuroGPU_win\NeuroGPU6\CudaStuff.cu" 
c:\pyneurogpu_win\neurogpu6\AllModels.cu(262): warning : expression has no effect
c:\pyneurogpu_win\neurogpu6\AllModels.cu(296): warning : declaration does not declare anything
c:\pyneurogpu_win\neurogpu6\AllModels.cu(295): warning : variable "mtau" was declared but never referenced
c:\pyneurogpu_win\neurogpu6\AllModels.cu(295): warning : variable "hinf" was declared but never referenced
c:\pyneurogpu_win\neurogpu6\AllModels.cu(295): warning : variable "minf" was declared but never referenced
c:\pyneurogpu_win\neurogpu6\AllModels.cu(295): warning : variable "htau" was declared but never referenced
c:\pyneurogpu_win\neurogpu6\AllModels.cu(307): warning : declaration does not declare anything
c:\pyneurogpu_win\neurogpu6\AllModels.cu(306): warning : variable "gca" was declared but never referenced
c:\pyneurogpu_win\neurogpu6\AllModels.cu(313): warning : variable "ntau" was declared but never referenced
c:\pyneurogpu_win\neurogpu6\AllModels.cu(313): warning : variable "gca" was declared but never referenced
c:\pyneurogpu_win\neurogpu6\AllModels.cu(313): warning : variable "ninf" was declared but never referenced
c:\pyneurogpu_win\neurogpu6\AllModels.cu(324): warning : variable "ntau" was declared but never referenced
c:\pyneurogpu_win\neurogpu6\AllModels.cu(324): warning : variable "ninf" was declared but never referenced
c:\pyneurogpu_win\neurogpu6\AllModels.cu(335): warning : variable "ntau" was declared but never referenced
c:\pyneurogpu_win\neurogpu6\AllModels.cu(335): warning : variable "ninf" was declared but never referenced
c:\pyneurogpu_win\neurogpu6\AllModels.cu(346): warning : variable "mtau" was declared but never referenced
c:\pyneurogpu_win\neurogpu6\AllModels.cu(346): warning : variable "hinf" was declared but never referenced
c:\pyneurogpu_win\neurogpu6\AllModels.cu(346): warning : variable "minf" was declared but never referenced
c:\pyneurogpu_win\neurogpu6\AllModels.cu(346): warning : variable "htau" was declared but never referenced
C:/pyNeuroGPU_win/NeuroGPU6/CudaStuff.cu(184): warning : variable "CurLevel" is used before its value is set
C:/pyNeuroGPU_win/NeuroGPU6/CudaStuff.cu(428): warning : function "syncthreads"
C:/pyNeuroGPU_win/NeuroGPU6/CudaStuff.cu(437): warning : function "syncthreads"
C:/pyNeuroGPU_win/NeuroGPU6/CudaStuff.cu(290): warning : variable "StimID" was declared but never referenced
C:/pyNeuroGPU_win/NeuroGPU6/CudaStuff.cu(328): warning : variable "isModel_1" was declared but never referenced
C:/pyNeuroGPU_win/NeuroGPU6/CudaStuff.cu(328): warning : variable "dVec_1" was declared but never referenced
C:/pyNeuroGPU_win/NeuroGPU6/CudaStuff.cu(328): warning : variable "isModel_2" was declared but never referenced
C:/pyNeuroGPU_win/NeuroGPU6/CudaStuff.cu(328): warning : variable "dVec_2" was declared but never referenced
C:/pyNeuroGPU_win/NeuroGPU6/CudaStuff.cu(328): warning : variable "isModel_3" was declared but never referenced
C:/pyNeuroGPU_win/NeuroGPU6/CudaStuff.cu(328): warning : variable "dVec_3" was declared but never referenced
C:/pyNeuroGPU_win/NeuroGPU6/CudaStuff.cu(328): warning : variable "isModel_4" was declared but never referenced
C:/pyNeuroGPU_win/NeuroGPU6/CudaStuff.cu(328): warning : variable "dVec_4" was declared but never referenced
C:/pyNeuroGPU_win/NeuroGPU6/CudaStuff.cu(328): warning : variable "isModel_5" was declared but never referenced
C:/pyNeuroGPU_win/NeuroGPU6/CudaStuff.cu(328): warning : variable "dVec_5" was declared but never referenced
C:/pyNeuroGPU_win/NeuroGPU6/CudaStuff.cu(328): warning : variable "isModel_6" was declared but never referenced
C:/pyNeuroGPU_win/NeuroGPU6/CudaStuff.cu(328): warning : variable "dVec_6" was declared but never referenced
C:/pyNeuroGPU_win/NeuroGPU6/CudaStuff.cu(328): warning : variable "isModel_7" was declared but never referenced
C:/pyNeuroGPU_win/NeuroGPU6/CudaStuff.cu(328): warning : variable "dVec_7" was declared but never referenced
C:/pyNeuroGPU_win/NeuroGPU6/CudaStuff.cu(328): warning : variable "isModel_8" was declared but never referenced
C:/pyNeuroGPU_win/NeuroGPU6/CudaStuff.cu(328): warning : variable "dVec_8" was declared but never referenced
C:/pyNeuroGPU_win/NeuroGPU6/CudaStuff.cu(328): warning : variable "isModel_9" was declared but never referenced
C:/pyNeuroGPU_win/NeuroGPU6/CudaStuff.cu(328): warning : variable "dVec_9" was declared but never referenced
C:/pyNeuroGPU_win/NeuroGPU6/CudaStuff.cu(328): warning : variable "isModel_10" was declared but never referenced
C:/pyNeuroGPU_win/NeuroGPU6/CudaStuff.cu(328): warning : variable "dVec_10" was declared but never referenced
C:/pyNeuroGPU_win/NeuroGPU6/CudaStuff.cu(328): warning : variable "isModel_11" was declared but never referenced
C:/pyNeuroGPU_win/NeuroGPU6/CudaStuff.cu(328): warning : variable "dVec_11" was declared but never referenced
C:/pyNeuroGPU_win/NeuroGPU6/CudaStuff.cu(328): warning : variable "isModel_12" was declared but never referenced
C:/pyNeuroGPU_win/NeuroGPU6/CudaStuff.cu(328): warning : variable "dVec_12" was declared but never referenced
C:/pyNeuroGPU_win/NeuroGPU6/CudaStuff.cu(335): warning : variable "SonNo_1" was declared but never referenced
C:/pyNeuroGPU_win/NeuroGPU6/CudaStuff.cu(335): warning : variable "SonNo_2" was declared but never referenced
C:/pyNeuroGPU_win/NeuroGPU6/CudaStuff.cu(335): warning : variable "SonNo_3" was declared but never referenced
C:/pyNeuroGPU_win/NeuroGPU6/CudaStuff.cu(335): warning : variable "SonNo_4" was declared but never referenced
C:/pyNeuroGPU_win/NeuroGPU6/CudaStuff.cu(335): warning : variable "SonNo_5" was declared but never referenced
C:/pyNeuroGPU_win/NeuroGPU6/CudaStuff.cu(335): warning : variable "SonNo_6" was declared but never referenced
C:/pyNeuroGPU_win/NeuroGPU6/CudaStuff.cu(335): warning : variable "SonNo_7" was declared but never referenced
C:/pyNeuroGPU_win/NeuroGPU6/CudaStuff.cu(335): warning : variable "SonNo_8" was declared but never referenced
C:/pyNeuroGPU_win/NeuroGPU6/CudaStuff.cu(335): warning : variable "SonNo_9" was declared but never referenced
C:/pyNeuroGPU_win/NeuroGPU6/CudaStuff.cu(335): warning : variable "SonNo_10" was declared but never referenced
C:/pyNeuroGPU_win/NeuroGPU6/CudaStuff.cu(335): warning : variable "SonNo_11" was declared but never referenced
C:/pyNeuroGPU_win/NeuroGPU6/CudaStuff.cu(335): warning : variable "SonNo_12" was declared but never referenced
C:/pyNeuroGPU_win/NeuroGPU6/CudaStuff.cu(484): warning : variable "SMemVHot" is used before its value is set
C:/pyNeuroGPU_win/NeuroGPU6/CudaStuff.cu(484): warning : variable "amps" is used before its value is set
C:/pyNeuroGPU_win/NeuroGPU6/CudaStuff.cu(817): warning : expression has no effect
C:/pyNeuroGPU_win/NeuroGPU6/CudaStuff.cu(526): warning : variable "i" was declared but never referenced
C:/pyNeuroGPU_win/NeuroGPU6/CudaStuff.cu(526): warning : variable "j" was declared but never referenced
C:/pyNeuroGPU_win/NeuroGPU6/CudaStuff.cu(526): warning : variable "t" was declared but never referenced
C:/pyNeuroGPU_win/NeuroGPU6/CudaStuff.cu(529): warning : variable "uHPOut_d" was declared but never referenced
C:/pyNeuroGPU_win/NeuroGPU6/CudaStuff.cu(529): warning : variable "bHPOut_d" was declared but never referenced
c:\pyneurogpu_win\neurogpu6\AllModels.cu(262): warning : expression has no effect
c:\pyneurogpu_win\neurogpu6\AllModels.cu(296): warning : declaration does not declare anything
c:\pyneurogpu_win\neurogpu6\AllModels.cu(295): warning : variable "mtau" was declared but never referenced
c:\pyneurogpu_win\neurogpu6\AllModels.cu(295): warning : variable "hinf" was declared but never referenced
c:\pyneurogpu_win\neurogpu6\AllModels.cu(295): warning : variable "minf" was declared but never referenced
c:\pyneurogpu_win\neurogpu6\AllModels.cu(295): warning : variable "htau" was declared but never referenced
c:\pyneurogpu_win\neurogpu6\AllModels.cu(307): warning : declaration does not declare anything
c:\pyneurogpu_win\neurogpu6\AllModels.cu(306): warning : variable "gca" was declared but never referenced
c:\pyneurogpu_win\neurogpu6\AllModels.cu(313): warning : variable "ntau" was declared but never referenced
c:\pyneurogpu_win\neurogpu6\AllModels.cu(313): warning : variable "gca" was declared but never referenced
c:\pyneurogpu_win\neurogpu6\AllModels.cu(313): warning : variable "ninf" was declared but never referenced
c:\pyneurogpu_win\neurogpu6\AllModels.cu(324): warning : variable "ntau" was declared but never referenced
c:\pyneurogpu_win\neurogpu6\AllModels.cu(324): warning : variable "ninf" was declared but never referenced
c:\pyneurogpu_win\neurogpu6\AllModels.cu(335): warning : variable "ntau" was declared but never referenced
c:\pyneurogpu_win\neurogpu6\AllModels.cu(335): warning : variable "ninf" was declared but never referenced
c:\pyneurogpu_win\neurogpu6\AllModels.cu(346): warning : variable "mtau" was declared but never referenced
c:\pyneurogpu_win\neurogpu6\AllModels.cu(346): warning : variable "hinf" was declared but never referenced
c:\pyneurogpu_win\neurogpu6\AllModels.cu(346): warning : variable "minf" was declared but never referenced
c:\pyneurogpu_win\neurogpu6\AllModels.cu(346): warning : variable "htau" was declared but never referenced
C:/pyNeuroGPU_win/NeuroGPU6/CudaStuff.cu(184): warning : variable "CurLevel" is used before its value is set
C:/pyNeuroGPU_win/NeuroGPU6/CudaStuff.cu(290): warning : variable "StimID" was declared but never referenced
C:/pyNeuroGPU_win/NeuroGPU6/CudaStuff.cu(328): warning : variable "isModel_1" was declared but never referenced
C:/pyNeuroGPU_win/NeuroGPU6/CudaStuff.cu(328): warning : variable "dVec_1" was declared but never referenced
C:/pyNeuroGPU_win/NeuroGPU6/CudaStuff.cu(328): warning : variable "isModel_2" was declared but never referenced
C:/pyNeuroGPU_win/NeuroGPU6/CudaStuff.cu(328): warning : variable "dVec_2" was declared but never referenced
C:/pyNeuroGPU_win/NeuroGPU6/CudaStuff.cu(328): warning : variable "isModel_3" was declared but never referenced
C:/pyNeuroGPU_win/NeuroGPU6/CudaStuff.cu(328): warning : variable "dVec_3" was declared but never referenced
C:/pyNeuroGPU_win/NeuroGPU6/CudaStuff.cu(328): warning : variable "isModel_4" was declared but never referenced
C:/pyNeuroGPU_win/NeuroGPU6/CudaStuff.cu(328): warning : variable "dVec_4" was declared but never referenced
C:/pyNeuroGPU_win/NeuroGPU6/CudaStuff.cu(328): warning : variable "isModel_5" was declared but never referenced
C:/pyNeuroGPU_win/NeuroGPU6/CudaStuff.cu(328): warning : variable "dVec_5" was declared but never referenced
C:/pyNeuroGPU_win/NeuroGPU6/CudaStuff.cu(328): warning : variable "isModel_6" was declared but never referenced
C:/pyNeuroGPU_win/NeuroGPU6/CudaStuff.cu(328): warning : variable "dVec_6" was declared but never referenced
C:/pyNeuroGPU_win/NeuroGPU6/CudaStuff.cu(328): warning : variable "isModel_7" was declared but never referenced
C:/pyNeuroGPU_win/NeuroGPU6/CudaStuff.cu(328): warning : variable "dVec_7" was declared but never referenced
C:/pyNeuroGPU_win/NeuroGPU6/CudaStuff.cu(328): warning : variable "isModel_8" was declared but never referenced
C:/pyNeuroGPU_win/NeuroGPU6/CudaStuff.cu(328): warning : variable "dVec_8" was declared but never referenced
C:/pyNeuroGPU_win/NeuroGPU6/CudaStuff.cu(328): warning : variable "isModel_9" was declared but never referenced
C:/pyNeuroGPU_win/NeuroGPU6/CudaStuff.cu(328): warning : variable "dVec_9" was declared but never referenced
C:/pyNeuroGPU_win/NeuroGPU6/CudaStuff.cu(328): warning : variable "isModel_10" was declared but never referenced
C:/pyNeuroGPU_win/NeuroGPU6/CudaStuff.cu(328): warning : variable "dVec_10" was declared but never referenced
C:/pyNeuroGPU_win/NeuroGPU6/CudaStuff.cu(328): warning : variable "isModel_11" was declared but never referenced
C:/pyNeuroGPU_win/NeuroGPU6/CudaStuff.cu(328): warning : variable "dVec_11" was declared but never referenced
C:/pyNeuroGPU_win/NeuroGPU6/CudaStuff.cu(328): warning : variable "isModel_12" was declared but never referenced
C:/pyNeuroGPU_win/NeuroGPU6/CudaStuff.cu(328): warning : variable "dVec_12" was declared but never referenced
C:/pyNeuroGPU_win/NeuroGPU6/CudaStuff.cu(335): warning : variable "SonNo_1" was declared but never referenced
C:/pyNeuroGPU_win/NeuroGPU6/CudaStuff.cu(335): warning : variable "SonNo_2" was declared but never referenced
C:/pyNeuroGPU_win/NeuroGPU6/CudaStuff.cu(335): warning : variable "SonNo_3" was declared but never referenced
C:/pyNeuroGPU_win/NeuroGPU6/CudaStuff.cu(335): warning : variable "SonNo_4" was declared but never referenced
C:/pyNeuroGPU_win/NeuroGPU6/CudaStuff.cu(335): warning : variable "SonNo_5" was declared but never referenced
C:/pyNeuroGPU_win/NeuroGPU6/CudaStuff.cu(335): warning : variable "SonNo_6" was declared but never referenced
C:/pyNeuroGPU_win/NeuroGPU6/CudaStuff.cu(335): warning : variable "SonNo_7" was declared but never referenced
C:/pyNeuroGPU_win/NeuroGPU6/CudaStuff.cu(335): warning : variable "SonNo_8" was declared but never referenced
C:/pyNeuroGPU_win/NeuroGPU6/CudaStuff.cu(335): warning : variable "SonNo_9" was declared but never referenced
C:/pyNeuroGPU_win/NeuroGPU6/CudaStuff.cu(335): warning : variable "SonNo_10" was declared but never referenced
C:/pyNeuroGPU_win/NeuroGPU6/CudaStuff.cu(335): warning : variable "SonNo_11" was declared but never referenced
C:/pyNeuroGPU_win/NeuroGPU6/CudaStuff.cu(335): warning : variable "SonNo_12" was declared but never referenced
C:/pyNeuroGPU_win/NeuroGPU6/CudaStuff.cu(484): warning : variable "SMemVHot" is used before its value is set
C:/pyNeuroGPU_win/NeuroGPU6/CudaStuff.cu(484): warning : variable "amps" is used before its value is set
C:/pyNeuroGPU_win/NeuroGPU6/CudaStuff.cu(817): warning : expression has no effect
C:/pyNeuroGPU_win/NeuroGPU6/CudaStuff.cu(526): warning : variable "i" was declared but never referenced
C:/pyNeuroGPU_win/NeuroGPU6/CudaStuff.cu(526): warning : variable "j" was declared but never referenced
C:/pyNeuroGPU_win/NeuroGPU6/CudaStuff.cu(526): warning : variable "t" was declared but never referenced
C:/pyNeuroGPU_win/NeuroGPU6/CudaStuff.cu(529): warning : variable "uHPOut_d" was declared but never referenced
C:/pyNeuroGPU_win/NeuroGPU6/CudaStuff.cu(529): warning : variable "bHPOut_d" was declared but never referenced
  CudaStuff.cu
c:\pyneurogpu_win\neurogpu6\AllModels.cu(77): warning C4244: 'return': conversion from 'double' to 'float', possible loss of data
C:/pyNeuroGPU_win/NeuroGPU6/CudaStuff.cu(523): warning C4244: 'initializing': conversion from 'float' to 'unsigned short', possible loss of data
C:/pyNeuroGPU_win/NeuroGPU6/CudaStuff.cu(561): warning C4244: 'argument': conversion from 'float' to 'std::size_t', possible loss of data
C:/pyNeuroGPU_win/NeuroGPU6/CudaStuff.cu(616): warning C4244: 'argument': conversion from 'float' to 'std::size_t', possible loss of data
C:/pyNeuroGPU_win/NeuroGPU6/CudaStuff.cu(762): warning C4244: 'argument': conversion from 'double' to 'float', possible loss of data
C:/pyNeuroGPU_win/NeuroGPU6/CudaStuff.cu(762): warning C4244: '=': conversion from 'float' to 'unsigned short', possible loss of data
C:/pyNeuroGPU_win/NeuroGPU6/CudaStuff.cu(817): warning C4553: '==': operator has no effect; did you intend '='?
C:/pyNeuroGPU_win/NeuroGPU6/CudaStuff.cu(840): warning C4477: 'fprintf' : format string '%d' requires an argument of type 'int', but variadic argument 3 has type 'double'
C:/pyNeuroGPU_win/NeuroGPU6/CudaStuff.cu(529): warning C4101: 'uHPOut_d': unreferenced local variable
C:/pyNeuroGPU_win/NeuroGPU6/CudaStuff.cu(526): warning C4101: 'j': unreferenced local variable
C:/pyNeuroGPU_win/NeuroGPU6/CudaStuff.cu(526): warning C4101: 'i': unreferenced local variable
C:/pyNeuroGPU_win/NeuroGPU6/CudaStuff.cu(529): warning C4101: 'bHPOut_d': unreferenced local variable
C:/pyNeuroGPU_win/NeuroGPU6/CudaStuff.cu(526): warning C4101: 't': unreferenced local variable
  
  C:\pyNeuroGPU_win\NeuroGPU6>"C:\Program Files\NVIDIA GPU Computing Toolkit\CUDA\v8.0\bin\nvcc.exe" -dlink -o x64\Debug\NeuroGPU6.device-link.obj -Xcompiler "/EHsc /W3 /nologo /Od /Zi /RTC1 /MDd /GR" -L"C:\Program Files\NVIDIA GPU Computing Toolkit\CUDA\v8.0\lib\x64" -L"C:\Program Files\NVIDIA GPU Computing Toolkit\CUDA\v8.0\lib\x64" "C:\Program Files\NVIDIA GPU Computing Toolkit\CUDA\v8.0\lib\x64\cusparse.lib" cudart.lib kernel32.lib user32.lib gdi32.lib winspool.lib comdlg32.lib advapi32.lib shell32.lib ole32.lib oleaut32.lib uuid.lib odbc32.lib odbccp32.lib  -gencode=arch=compute_35,code=sm_35 -G --machine 64 x64\Debug\CudaStuff.cu.obj x64\Debug\kernel.cu.obj x64\Debug\MainC.cu.obj x64\Debug\Util.cu.obj 
  cusparse.lib
  cudart.lib
  kernel32.lib
  user32.lib
  gdi32.lib
  winspool.lib
  comdlg32.lib
  advapi32.lib
  shell32.lib
  ole32.lib
  oleaut32.lib
  uuid.lib
  odbc32.lib
  odbccp32.lib
  CudaStuff.cu.obj
  kernel.cu.obj
  MainC.cu.obj
  Util.cu.obj
  NeuroGPU6.vcxproj -> C:\pyNeuroGPU_win\x64\Debug\NeuroGPU6.exe
  NeuroGPU6.vcxproj -> C:\pyNeuroGPU_win\x64\Debug\NeuroGPU6.pdb (Full PDB)
  copy "C:\Program Files\NVIDIA GPU Computing Toolkit\CUDA\v8.0\bin\cudart*.dll" "C:\pyNeuroGPU_win\x64\Debug\"
  C:\Program Files\NVIDIA GPU Computing Toolkit\CUDA\v8.0\bin\cudart32_80.dll
  C:\Program Files\NVIDIA GPU Computing Toolkit\CUDA\v8.0\bin\cudart64_80.dll
          2 file(s) copied.
