c:\pyneurogpu_winnew\x64\debug\neurogpu6.ilk
c:\pyneurogpu_winnew\x64\debug\neurogpu6.exe
c:\pyneurogpu_winnew\x64\debug\neurogpu6.pdb
c:\pyneurogpu_winnew\neurogpu6\x64\debug\cudastuff.cu.cache
c:\pyneurogpu_winnew\neurogpu6\x64\debug\kernel.cu.cache
c:\pyneurogpu_winnew\neurogpu6\x64\debug\mainc.cu.cache
c:\pyneurogpu_winnew\neurogpu6\x64\debug\util.cu.cache
c:\pyneurogpu_winnew\neurogpu6\x64\debug\cudastuff.cu.obj
c:\pyneurogpu_winnew\neurogpu6\x64\debug\kernel.cu.obj
c:\pyneurogpu_winnew\neurogpu6\x64\debug\mainc.cu.obj
c:\pyneurogpu_winnew\neurogpu6\x64\debug\neurogpu6.device-link.obj
c:\pyneurogpu_winnew\neurogpu6\x64\debug\util.cu.obj
c:\pyneurogpu_winnew\neurogpu6\x64\debug\cudastuff.cpp1.ii.res
c:\pyneurogpu_winnew\neurogpu6\x64\debug\cudastuff.cpp2.i.res
c:\pyneurogpu_winnew\neurogpu6\x64\debug\cudastuff.cpp3.i.res
c:\pyneurogpu_winnew\neurogpu6\x64\debug\cudastuff.cpp4.ii.res
c:\pyneurogpu_winnew\neurogpu6\x64\debug\cudastuff.cu.cpp.ii.res
c:\pyneurogpu_winnew\neurogpu6\x64\debug\cudastuff.cu.obj.res
c:\pyneurogpu_winnew\neurogpu6\x64\debug\kernel.cpp1.ii.res
c:\pyneurogpu_winnew\neurogpu6\x64\debug\kernel.cpp2.i.res
c:\pyneurogpu_winnew\neurogpu6\x64\debug\kernel.cpp3.i.res
c:\pyneurogpu_winnew\neurogpu6\x64\debug\kernel.cpp4.ii.res
c:\pyneurogpu_winnew\neurogpu6\x64\debug\kernel.cu.cpp.ii.res
c:\pyneurogpu_winnew\neurogpu6\x64\debug\kernel.cu.obj.res
c:\pyneurogpu_winnew\neurogpu6\x64\debug\mainc.cpp1.ii.res
c:\pyneurogpu_winnew\neurogpu6\x64\debug\mainc.cpp2.i.res
c:\pyneurogpu_winnew\neurogpu6\x64\debug\mainc.cpp3.i.res
c:\pyneurogpu_winnew\neurogpu6\x64\debug\mainc.cpp4.ii.res
c:\pyneurogpu_winnew\neurogpu6\x64\debug\mainc.cu.cpp.ii.res
c:\pyneurogpu_winnew\neurogpu6\x64\debug\mainc.cu.obj.res
c:\pyneurogpu_winnew\neurogpu6\x64\debug\util.cpp1.ii.res
c:\pyneurogpu_winnew\neurogpu6\x64\debug\util.cpp2.i.res
c:\pyneurogpu_winnew\neurogpu6\x64\debug\util.cpp3.i.res
c:\pyneurogpu_winnew\neurogpu6\x64\debug\util.cpp4.ii.res
c:\pyneurogpu_winnew\neurogpu6\x64\debug\util.cu.cpp.ii.res
c:\pyneurogpu_winnew\neurogpu6\x64\debug\util.cu.obj.res
c:\pyneurogpu_winnew\neurogpu6\x64\debug\neurogpu6.tlog\link.command.1.tlog
c:\pyneurogpu_winnew\neurogpu6\x64\debug\neurogpu6.tlog\link.read.1.tlog
c:\pyneurogpu_winnew\neurogpu6\x64\debug\neurogpu6.tlog\link.write.1.tlog
