  Compiling CUDA source file Util.cu...
  
  C:\pyNeuroGPU_winnew\NeuroGPU6>"C:\Program Files\NVIDIA GPU Computing Toolkit\CUDA\v8.0\bin\nvcc.exe" -gencode=arch=compute_35,code=\"sm_35,compute_35\" --use-local-env --cl-version 2015 -ccbin "C:\Program Files (x86)\Microsoft Visual Studio 14.0\VC\bin\x86_amd64" -rdc=true -I"C:\Program Files\NVIDIA GPU Computing Toolkit\CUDA\v8.0\include" -I"C:\Program Files\NVIDIA GPU Computing Toolkit\CUDA\v8.0\include"  -G -lineinfo --keep --keep-dir x64\Debug -maxrregcount=0  --machine 64 --compile -cudart static  -g  -use_fast_math -DWIN32 -DWIN64 -D_DEBUG -D_CONSOLE -D_MBCS -Xcompiler "/EHsc /W3 /nologo /Od /FS /Zi /RTC1 /MDd /GR" -o x64\Debug\Util.cu.obj "C:\pyNeuroGPU_winnew\NeuroGPU6\Util.cu" 
C:/pyNeuroGPU_winnew/NeuroGPU6/Util.cu(99): warning : variable "FileName" was declared but never referenced
C:/pyNeuroGPU_winnew/NeuroGPU6/Util.cu(103): warning : variable "tmp" was declared but never referenced
C:/pyNeuroGPU_winnew/NeuroGPU6/Util.cu(156): warning : variable "fdebug2" was declared but never referenced
C:/pyNeuroGPU_winnew/NeuroGPU6/Util.cu(99): warning : variable "FileName" was declared but never referenced
C:/pyNeuroGPU_winnew/NeuroGPU6/Util.cu(103): warning : variable "tmp" was declared but never referenced
C:/pyNeuroGPU_winnew/NeuroGPU6/Util.cu(156): warning : variable "fdebug2" was declared but never referenced
  Util.cu
C:/pyNeuroGPU_winnew/NeuroGPU6/Util.cu(85): warning C4244: '=': conversion from 'double' to 'float', possible loss of data
C:/pyNeuroGPU_winnew/NeuroGPU6/Util.cu(92): warning C4244: '=': conversion from 'double' to 'float', possible loss of data
C:/pyNeuroGPU_winnew/NeuroGPU6/Util.cu(99): warning C4101: 'FileName': unreferenced local variable
C:/pyNeuroGPU_winnew/NeuroGPU6/Util.cu(103): warning C4101: 'tmp': unreferenced local variable
C:/pyNeuroGPU_winnew/NeuroGPU6/Util.cu(156): warning C4101: 'fdebug2': unreferenced local variable
C:/pyNeuroGPU_winnew/NeuroGPU6/Util.cu(252): warning C4305: '=': truncation from 'double' to 'float'
C:/pyNeuroGPU_winnew/NeuroGPU6/Util.cu(309): warning C4244: 'initializing': conversion from 'float' to 'unsigned short', possible loss of data
C:/pyNeuroGPU_winnew/NeuroGPU6/Util.cu(362): warning C4473: 'printf' : not enough arguments passed for format string
  C:/pyNeuroGPU_winnew/NeuroGPU6/Util.cu(362): note: placeholders and their parameters expect 2 variadic arguments, but 1 were provided
  C:/pyNeuroGPU_winnew/NeuroGPU6/Util.cu(362): note: the missing variadic argument 2 is required by format string '%d'
  
  C:\pyNeuroGPU_winnew\NeuroGPU6>"C:\Program Files\NVIDIA GPU Computing Toolkit\CUDA\v8.0\bin\nvcc.exe" -dlink -o x64\Debug\NeuroGPU6.device-link.obj -Xcompiler "/EHsc /W3 /nologo /Od /Zi /RTC1 /MDd /GR" -L"C:\Program Files\NVIDIA GPU Computing Toolkit\CUDA\v8.0\lib\x64" -L"C:\Program Files\NVIDIA GPU Computing Toolkit\CUDA\v8.0\lib\x64" "C:\Program Files\NVIDIA GPU Computing Toolkit\CUDA\v8.0\lib\x64\cusparse.lib" cudart.lib kernel32.lib user32.lib gdi32.lib winspool.lib comdlg32.lib advapi32.lib shell32.lib ole32.lib oleaut32.lib uuid.lib odbc32.lib odbccp32.lib  -gencode=arch=compute_35,code=sm_35 -G --machine 64 x64\Debug\CudaStuff.cu.obj x64\Debug\kernel.cu.obj x64\Debug\MainC.cu.obj x64\Debug\Util.cu.obj 
  cusparse.lib
  cudart.lib
  kernel32.lib
  user32.lib
  gdi32.lib
  winspool.lib
  comdlg32.lib
  advapi32.lib
  shell32.lib
  ole32.lib
  oleaut32.lib
  uuid.lib
  odbc32.lib
  odbccp32.lib
  CudaStuff.cu.obj
  kernel.cu.obj
  MainC.cu.obj
  Util.cu.obj
  NeuroGPU6.vcxproj -> C:\pyNeuroGPU_winnew\x64\Debug\NeuroGPU6.exe
  NeuroGPU6.vcxproj -> C:\pyNeuroGPU_winnew\x64\Debug\NeuroGPU6.pdb (Full PDB)
  copy "C:\Program Files\NVIDIA GPU Computing Toolkit\CUDA\v8.0\bin\cudart*.dll" "C:\pyNeuroGPU_winnew\x64\Debug\"
  C:\Program Files\NVIDIA GPU Computing Toolkit\CUDA\v8.0\bin\cudart32_80.dll
  C:\Program Files\NVIDIA GPU Computing Toolkit\CUDA\v8.0\bin\cudart64_80.dll
          2 file(s) copied.
